<?xml version="1.0" encoding="UTF-8"?>
<!-- Generated by org.testng.reporters.JUnitReportReporter -->
<testsuite skipped="0" hostname="user-PC" name="com.crm.qa.testcases.DealsPageTest" tests="1" failures="0" timestamp="04 Nov 2020 14:34:13 GMT" time="51.899" errors="0">
  <testcase name="verifydealsLabelTest" time="51.899" classname="com.crm.qa.testcases.DealsPageTest"/>
</testsuite> <!-- com.crm.qa.testcases.DealsPageTest -->
