<?xml version="1.0" encoding="UTF-8"?>
<!-- Generated by org.testng.reporters.JUnitReportReporter -->
<testsuite skipped="0" hostname="user-PC" name="com.crm.qa.testcases.LoginPageTest" tests="1" failures="0" timestamp="05 Nov 2020 15:57:37 GMT" time="85.516" errors="0">
  <testcase name="loginTest" time="85.516" classname="com.crm.qa.testcases.LoginPageTest"/>
</testsuite> <!-- com.crm.qa.testcases.LoginPageTest -->
