<?xml version="1.0" encoding="UTF-8"?>
<!-- Generated by org.testng.reporters.JUnitReportReporter -->
<testsuite skipped="0" hostname="user-PC" name="com.crm.qa.testcases.ContactsPageTest" tests="1" failures="0" timestamp="04 Nov 2020 14:23:35 GMT" time="37.974" errors="0">
  <testcase name="verifycontactsLabelTest" time="37.974" classname="com.crm.qa.testcases.ContactsPageTest"/>
</testsuite> <!-- com.crm.qa.testcases.ContactsPageTest -->
